Determining if the pthread_create exist failed with the following output:
Change Dir: /home/ros/Documents/Masters_Jetson/ws/build/catkin_tools_prebuild/CMakeFiles/CMakeTmp

Run Build Command:"/usr/bin/make" "cmTC_4f6d7/fast"
/usr/bin/make -f CMakeFiles/cmTC_4f6d7.dir/build.make CMakeFiles/cmTC_4f6d7.dir/build
make[1]: Entering directory '/home/ros/Documents/Masters_Jetson/ws/build/catkin_tools_prebuild/CMakeFiles/CMakeTmp'
Building C object CMakeFiles/cmTC_4f6d7.dir/CheckSymbolExists.c.o
/usr/bin/cc    -o CMakeFiles/cmTC_4f6d7.dir/CheckSymbolExists.c.o   -c /home/ros/Documents/Masters_Jetson/ws/build/catkin_tools_prebuild/CMakeFiles/CMakeTmp/CheckSymbolExists.c
Linking C executable cmTC_4f6d7
/usr/bin/cmake -E cmake_link_script CMakeFiles/cmTC_4f6d7.dir/link.txt --verbose=1
/usr/bin/cc      -rdynamic CMakeFiles/cmTC_4f6d7.dir/CheckSymbolExists.c.o  -o cmTC_4f6d7 
CMakeFiles/cmTC_4f6d7.dir/CheckSymbolExists.c.o: In function `main':
CheckSymbolExists.c:(.text+0x14): undefined reference to `pthread_create'
CheckSymbolExists.c:(.text+0x18): undefined reference to `pthread_create'
collect2: error: ld returned 1 exit status
CMakeFiles/cmTC_4f6d7.dir/build.make:97: recipe for target 'cmTC_4f6d7' failed
make[1]: *** [cmTC_4f6d7] Error 1
make[1]: Leaving directory '/home/ros/Documents/Masters_Jetson/ws/build/catkin_tools_prebuild/CMakeFiles/CMakeTmp'
Makefile:126: recipe for target 'cmTC_4f6d7/fast' failed
make: *** [cmTC_4f6d7/fast] Error 2

File /home/ros/Documents/Masters_Jetson/ws/build/catkin_tools_prebuild/CMakeFiles/CMakeTmp/CheckSymbolExists.c:
/* */
#include <pthread.h>

int main(int argc, char** argv)
{
  (void)argv;
#ifndef pthread_create
  return ((int*)(&pthread_create))[argc];
#else
  (void)argc;
  return 0;
#endif
}

Determining if the function pthread_create exists in the pthreads failed with the following output:
Change Dir: /home/ros/Documents/Masters_Jetson/ws/build/catkin_tools_prebuild/CMakeFiles/CMakeTmp

Run Build Command:"/usr/bin/make" "cmTC_cf1ec/fast"
/usr/bin/make -f CMakeFiles/cmTC_cf1ec.dir/build.make CMakeFiles/cmTC_cf1ec.dir/build
make[1]: Entering directory '/home/ros/Documents/Masters_Jetson/ws/build/catkin_tools_prebuild/CMakeFiles/CMakeTmp'
Building C object CMakeFiles/cmTC_cf1ec.dir/CheckFunctionExists.c.o
/usr/bin/cc   -DCHECK_FUNCTION_EXISTS=pthread_create   -o CMakeFiles/cmTC_cf1ec.dir/CheckFunctionExists.c.o   -c /usr/share/cmake-3.10/Modules/CheckFunctionExists.c
Linking C executable cmTC_cf1ec
/usr/bin/cmake -E cmake_link_script CMakeFiles/cmTC_cf1ec.dir/link.txt --verbose=1
/usr/bin/cc  -DCHECK_FUNCTION_EXISTS=pthread_create    -rdynamic CMakeFiles/cmTC_cf1ec.dir/CheckFunctionExists.c.o  -o cmTC_cf1ec -lpthreads 
/usr/bin/ld: cannot find -lpthreads
collect2: error: ld returned 1 exit status
CMakeFiles/cmTC_cf1ec.dir/build.make:97: recipe for target 'cmTC_cf1ec' failed
make[1]: *** [cmTC_cf1ec] Error 1
make[1]: Leaving directory '/home/ros/Documents/Masters_Jetson/ws/build/catkin_tools_prebuild/CMakeFiles/CMakeTmp'
Makefile:126: recipe for target 'cmTC_cf1ec/fast' failed
make: *** [cmTC_cf1ec/fast] Error 2


