[01m[K/home/ros/Documents/Masters_Jetson/ws/src/orb_slam_2_ros/ros/src/Node.cc:[m[K In member function ‘[01m[Kvoid Node::LoadOrbParameters(ORB_SLAM2::ORBParameters&)[m[K’:
[01m[K/home/ros/Documents/Masters_Jetson/ws/src/orb_slam_2_ros/ros/src/Node.cc:361:3:[m[K [01;31m[Kerror: [m[Kexpected ‘[01m[K;[m[K’ before ‘[01m[Kif[m[K’
   [01;31m[Kif[m[K (!got_cam_calibration) {
   [01;31m[K^~[m[K
[01m[K/home/ros/Documents/Masters_Jetson/ws/src/orb_slam_2_ros/ros/src/Node.cc:[m[K In member function ‘[01m[Kvoid Node::LoadOrbParameters(ORB_SLAM2::ORBParameters&)[m[K’:
[01m[K/home/ros/Documents/Masters_Jetson/ws/src/orb_slam_2_ros/ros/src/Node.cc:361:3:[m[K [01;31m[Kerror: [m[Kexpected ‘[01m[K;[m[K’ before ‘[01m[Kif[m[K’
   [01;31m[Kif[m[K (!got_cam_calibration) {
   [01;31m[K^~[m[K
[01m[K/home/ros/Documents/Masters_Jetson/ws/src/orb_slam_2_ros/ros/src/Node.cc:[m[K In member function ‘[01m[Kvoid Node::LoadOrbParameters(ORB_SLAM2::ORBParameters&)[m[K’:
[01m[K/home/ros/Documents/Masters_Jetson/ws/src/orb_slam_2_ros/ros/src/Node.cc:361:3:[m[K [01;31m[Kerror: [m[Kexpected ‘[01m[K;[m[K’ before ‘[01m[Kif[m[K’
   [01;31m[Kif[m[K (!got_cam_calibration) {
   [01;31m[K^~[m[K
make[2]: *** [CMakeFiles/orb_slam2_ros_stereo.dir/ros/src/Node.cc.o] Error 1
make[2]: *** [CMakeFiles/orb_slam2_ros_mono.dir/ros/src/Node.cc.o] Error 1
make[2]: *** [CMakeFiles/orb_slam2_ros_rgbd.dir/ros/src/Node.cc.o] Error 1
make[1]: *** [CMakeFiles/orb_slam2_ros_mono.dir/all] Error 2
make[1]: *** Waiting for unfinished jobs....
make[1]: *** [CMakeFiles/orb_slam2_ros_stereo.dir/all] Error 2
make[1]: *** [CMakeFiles/orb_slam2_ros_rgbd.dir/all] Error 2
make: *** [all] Error 2
