[01m[K/home/ros/Documents/Masters_Jetson/ws/src/orb_slam_2_ros/ros/src/Node.cc:[m[K In member function ‘[01m[Kvoid Node::LoadOrbParameters(ORB_SLAM2::ORBParameters&)[m[K’:
[01m[K/home/ros/Documents/Masters_Jetson/ws/src/orb_slam_2_ros/ros/src/Node.cc:352:3:[m[K [01;31m[Kerror: [m[Kexpected ‘[01m[K;[m[K’ before ‘[01m[Kgot_cam_calibration[m[K’
   [01;31m[Kgot_cam_calibration[m[K &= node_handle_.getParam(name_of_node_ + "/camera_fx", parameters.fx);
   [01;31m[K^~~~~~~~~~~~~~~~~~~[m[K
[01m[K/home/ros/Documents/Masters_Jetson/ws/src/orb_slam_2_ros/ros/src/Node.cc:354:3:[m[K [01;31m[Kerror: [m[Kexpected ‘[01m[K;[m[K’ before ‘[01m[Kgot_cam_calibration[m[K’
   [01;31m[Kgot_cam_calibration[m[K &= node_handle_.getParam(name_of_node_ + "/camera_fy", parameters.fy);
   [01;31m[K^~~~~~~~~~~~~~~~~~~[m[K
[01m[K/home/ros/Documents/Masters_Jetson/ws/src/orb_slam_2_ros/ros/src/Node.cc:356:3:[m[K [01;31m[Kerror: [m[Kexpected ‘[01m[K;[m[K’ before ‘[01m[Kgot_cam_calibration[m[K’
   [01;31m[Kgot_cam_calibration[m[K &= node_handle_.getParam(name_of_node_ + "/camera_cx", parameters.cx);
   [01;31m[K^~~~~~~~~~~~~~~~~~~[m[K
[01m[K/home/ros/Documents/Masters_Jetson/ws/src/orb_slam_2_ros/ros/src/Node.cc:358:3:[m[K [01;31m[Kerror: [m[Kexpected ‘[01m[K;[m[K’ before ‘[01m[Kgot_cam_calibration[m[K’
   [01;31m[Kgot_cam_calibration[m[K &= node_handle_.getParam(name_of_node_ + "/camera_cy", parameters.cy);
   [01;31m[K^~~~~~~~~~~~~~~~~~~[m[K
[01m[K/home/ros/Documents/Masters_Jetson/ws/src/orb_slam_2_ros/ros/src/Node.cc:360:3:[m[K [01;31m[Kerror: [m[Kexpected ‘[01m[K;[m[K’ before ‘[01m[Kgot_cam_calibration[m[K’
   [01;31m[Kgot_cam_calibration[m[K &= node_handle_.getParam(name_of_node_ + "/camera_k1", parameters.k1);
   [01;31m[K^~~~~~~~~~~~~~~~~~~[m[K
[01m[K/home/ros/Documents/Masters_Jetson/ws/src/orb_slam_2_ros/ros/src/Node.cc:[m[K In member function ‘[01m[Kvoid Node::LoadOrbParameters(ORB_SLAM2::ORBParameters&)[m[K’:
[01m[K/home/ros/Documents/Masters_Jetson/ws/src/orb_slam_2_ros/ros/src/Node.cc:352:3:[m[K [01;31m[Kerror: [m[Kexpected ‘[01m[K;[m[K’ before ‘[01m[Kgot_cam_calibration[m[K’
   [01;31m[Kgot_cam_calibration[m[K &= node_handle_.getParam(name_of_node_ + "/camera_fx", parameters.fx);
   [01;31m[K^~~~~~~~~~~~~~~~~~~[m[K
[01m[K/home/ros/Documents/Masters_Jetson/ws/src/orb_slam_2_ros/ros/src/Node.cc:362:3:[m[K [01;31m[Kerror: [m[Kexpected ‘[01m[K;[m[K’ before ‘[01m[Kgot_cam_calibration[m[K’
   [01;31m[Kgot_cam_calibration[m[K &= node_handle_.getParam(name_of_node_ + "/camera_k2", parameters.k2);
   [01;31m[K^~~~~~~~~~~~~~~~~~~[m[K
[01m[K/home/ros/Documents/Masters_Jetson/ws/src/orb_slam_2_ros/ros/src/Node.cc:354:3:[m[K [01;31m[Kerror: [m[Kexpected ‘[01m[K;[m[K’ before ‘[01m[Kgot_cam_calibration[m[K’
   [01;31m[Kgot_cam_calibration[m[K &= node_handle_.getParam(name_of_node_ + "/camera_fy", parameters.fy);
   [01;31m[K^~~~~~~~~~~~~~~~~~~[m[K
[01m[K/home/ros/Documents/Masters_Jetson/ws/src/orb_slam_2_ros/ros/src/Node.cc:364:3:[m[K [01;31m[Kerror: [m[Kexpected ‘[01m[K;[m[K’ before ‘[01m[Kgot_cam_calibration[m[K’
   [01;31m[Kgot_cam_calibration[m[K &= node_handle_.getParam(name_of_node_ + "/camera_p1", parameters.p1);
   [01;31m[K^~~~~~~~~~~~~~~~~~~[m[K
[01m[K/home/ros/Documents/Masters_Jetson/ws/src/orb_slam_2_ros/ros/src/Node.cc:356:3:[m[K [01;31m[Kerror: [m[Kexpected ‘[01m[K;[m[K’ before ‘[01m[Kgot_cam_calibration[m[K’
   [01;31m[Kgot_cam_calibration[m[K &= node_handle_.getParam(name_of_node_ + "/camera_cx", parameters.cx);
   [01;31m[K^~~~~~~~~~~~~~~~~~~[m[K
[01m[K/home/ros/Documents/Masters_Jetson/ws/src/orb_slam_2_ros/ros/src/Node.cc:366:3:[m[K [01;31m[Kerror: [m[Kexpected ‘[01m[K;[m[K’ before ‘[01m[Kgot_cam_calibration[m[K’
   [01;31m[Kgot_cam_calibration[m[K &= node_handle_.getParam(name_of_node_ + "/camera_p2", parameters.p2);
   [01;31m[K^~~~~~~~~~~~~~~~~~~[m[K
[01m[K/home/ros/Documents/Masters_Jetson/ws/src/orb_slam_2_ros/ros/src/Node.cc:358:3:[m[K [01;31m[Kerror: [m[Kexpected ‘[01m[K;[m[K’ before ‘[01m[Kgot_cam_calibration[m[K’
   [01;31m[Kgot_cam_calibration[m[K &= node_handle_.getParam(name_of_node_ + "/camera_cy", parameters.cy);
   [01;31m[K^~~~~~~~~~~~~~~~~~~[m[K
[01m[K/home/ros/Documents/Masters_Jetson/ws/src/orb_slam_2_ros/ros/src/Node.cc:368:3:[m[K [01;31m[Kerror: [m[Kexpected ‘[01m[K;[m[K’ before ‘[01m[Kgot_cam_calibration[m[K’
   [01;31m[Kgot_cam_calibration[m[K &= node_handle_.getParam(name_of_node_ + "/camera_k3", parameters.k3);
   [01;31m[K^~~~~~~~~~~~~~~~~~~[m[K
[01m[K/home/ros/Documents/Masters_Jetson/ws/src/orb_slam_2_ros/ros/src/Node.cc:360:3:[m[K [01;31m[Kerror: [m[Kexpected ‘[01m[K;[m[K’ before ‘[01m[Kgot_cam_calibration[m[K’
   [01;31m[Kgot_cam_calibration[m[K &= node_handle_.getParam(name_of_node_ + "/camera_k1", parameters.k1);
   [01;31m[K^~~~~~~~~~~~~~~~~~~[m[K
[01m[K/home/ros/Documents/Masters_Jetson/ws/src/orb_slam_2_ros/ros/src/Node.cc:371:3:[m[K [01;31m[Kerror: [m[Kexpected ‘[01m[K;[m[K’ before ‘[01m[Kif[m[K’
   [01;31m[Kif[m[K (!got_cam_calibration) {
   [01;31m[K^~[m[K
[01m[K/home/ros/Documents/Masters_Jetson/ws/src/orb_slam_2_ros/ros/src/Node.cc:362:3:[m[K [01;31m[Kerror: [m[Kexpected ‘[01m[K;[m[K’ before ‘[01m[Kgot_cam_calibration[m[K’
   [01;31m[Kgot_cam_calibration[m[K &= node_handle_.getParam(name_of_node_ + "/camera_k2", parameters.k2);
   [01;31m[K^~~~~~~~~~~~~~~~~~~[m[K
[01m[K/home/ros/Documents/Masters_Jetson/ws/src/orb_slam_2_ros/ros/src/Node.cc:364:3:[m[K [01;31m[Kerror: [m[Kexpected ‘[01m[K;[m[K’ before ‘[01m[Kgot_cam_calibration[m[K’
   [01;31m[Kgot_cam_calibration[m[K &= node_handle_.getParam(name_of_node_ + "/camera_p1", parameters.p1);
   [01;31m[K^~~~~~~~~~~~~~~~~~~[m[K
[01m[K/home/ros/Documents/Masters_Jetson/ws/src/orb_slam_2_ros/ros/src/Node.cc:366:3:[m[K [01;31m[Kerror: [m[Kexpected ‘[01m[K;[m[K’ before ‘[01m[Kgot_cam_calibration[m[K’
   [01;31m[Kgot_cam_calibration[m[K &= node_handle_.getParam(name_of_node_ + "/camera_p2", parameters.p2);
   [01;31m[K^~~~~~~~~~~~~~~~~~~[m[K
[01m[K/home/ros/Documents/Masters_Jetson/ws/src/orb_slam_2_ros/ros/src/Node.cc:368:3:[m[K [01;31m[Kerror: [m[Kexpected ‘[01m[K;[m[K’ before ‘[01m[Kgot_cam_calibration[m[K’
   [01;31m[Kgot_cam_calibration[m[K &= node_handle_.getParam(name_of_node_ + "/camera_k3", parameters.k3);
   [01;31m[K^~~~~~~~~~~~~~~~~~~[m[K
[01m[K/home/ros/Documents/Masters_Jetson/ws/src/orb_slam_2_ros/ros/src/Node.cc:371:3:[m[K [01;31m[Kerror: [m[Kexpected ‘[01m[K;[m[K’ before ‘[01m[Kif[m[K’
   [01;31m[Kif[m[K (!got_cam_calibration) {
   [01;31m[K^~[m[K
[01m[K/home/ros/Documents/Masters_Jetson/ws/src/orb_slam_2_ros/ros/src/Node.cc:[m[K In member function ‘[01m[Kvoid Node::LoadOrbParameters(ORB_SLAM2::ORBParameters&)[m[K’:
[01m[K/home/ros/Documents/Masters_Jetson/ws/src/orb_slam_2_ros/ros/src/Node.cc:352:3:[m[K [01;31m[Kerror: [m[Kexpected ‘[01m[K;[m[K’ before ‘[01m[Kgot_cam_calibration[m[K’
   [01;31m[Kgot_cam_calibration[m[K &= node_handle_.getParam(name_of_node_ + "/camera_fx", parameters.fx);
   [01;31m[K^~~~~~~~~~~~~~~~~~~[m[K
[01m[K/home/ros/Documents/Masters_Jetson/ws/src/orb_slam_2_ros/ros/src/Node.cc:354:3:[m[K [01;31m[Kerror: [m[Kexpected ‘[01m[K;[m[K’ before ‘[01m[Kgot_cam_calibration[m[K’
   [01;31m[Kgot_cam_calibration[m[K &= node_handle_.getParam(name_of_node_ + "/camera_fy", parameters.fy);
   [01;31m[K^~~~~~~~~~~~~~~~~~~[m[K
[01m[K/home/ros/Documents/Masters_Jetson/ws/src/orb_slam_2_ros/ros/src/Node.cc:356:3:[m[K [01;31m[Kerror: [m[Kexpected ‘[01m[K;[m[K’ before ‘[01m[Kgot_cam_calibration[m[K’
   [01;31m[Kgot_cam_calibration[m[K &= node_handle_.getParam(name_of_node_ + "/camera_cx", parameters.cx);
   [01;31m[K^~~~~~~~~~~~~~~~~~~[m[K
[01m[K/home/ros/Documents/Masters_Jetson/ws/src/orb_slam_2_ros/ros/src/Node.cc:358:3:[m[K [01;31m[Kerror: [m[Kexpected ‘[01m[K;[m[K’ before ‘[01m[Kgot_cam_calibration[m[K’
   [01;31m[Kgot_cam_calibration[m[K &= node_handle_.getParam(name_of_node_ + "/camera_cy", parameters.cy);
   [01;31m[K^~~~~~~~~~~~~~~~~~~[m[K
[01m[K/home/ros/Documents/Masters_Jetson/ws/src/orb_slam_2_ros/ros/src/Node.cc:360:3:[m[K [01;31m[Kerror: [m[Kexpected ‘[01m[K;[m[K’ before ‘[01m[Kgot_cam_calibration[m[K’
   [01;31m[Kgot_cam_calibration[m[K &= node_handle_.getParam(name_of_node_ + "/camera_k1", parameters.k1);
   [01;31m[K^~~~~~~~~~~~~~~~~~~[m[K
[01m[K/home/ros/Documents/Masters_Jetson/ws/src/orb_slam_2_ros/ros/src/Node.cc:362:3:[m[K [01;31m[Kerror: [m[Kexpected ‘[01m[K;[m[K’ before ‘[01m[Kgot_cam_calibration[m[K’
   [01;31m[Kgot_cam_calibration[m[K &= node_handle_.getParam(name_of_node_ + "/camera_k2", parameters.k2);
   [01;31m[K^~~~~~~~~~~~~~~~~~~[m[K
[01m[K/home/ros/Documents/Masters_Jetson/ws/src/orb_slam_2_ros/ros/src/Node.cc:364:3:[m[K [01;31m[Kerror: [m[Kexpected ‘[01m[K;[m[K’ before ‘[01m[Kgot_cam_calibration[m[K’
   [01;31m[Kgot_cam_calibration[m[K &= node_handle_.getParam(name_of_node_ + "/camera_p1", parameters.p1);
   [01;31m[K^~~~~~~~~~~~~~~~~~~[m[K
[01m[K/home/ros/Documents/Masters_Jetson/ws/src/orb_slam_2_ros/ros/src/Node.cc:366:3:[m[K [01;31m[Kerror: [m[Kexpected ‘[01m[K;[m[K’ before ‘[01m[Kgot_cam_calibration[m[K’
   [01;31m[Kgot_cam_calibration[m[K &= node_handle_.getParam(name_of_node_ + "/camera_p2", parameters.p2);
   [01;31m[K^~~~~~~~~~~~~~~~~~~[m[K
[01m[K/home/ros/Documents/Masters_Jetson/ws/src/orb_slam_2_ros/ros/src/Node.cc:368:3:[m[K [01;31m[Kerror: [m[Kexpected ‘[01m[K;[m[K’ before ‘[01m[Kgot_cam_calibration[m[K’
   [01;31m[Kgot_cam_calibration[m[K &= node_handle_.getParam(name_of_node_ + "/camera_k3", parameters.k3);
   [01;31m[K^~~~~~~~~~~~~~~~~~~[m[K
[01m[K/home/ros/Documents/Masters_Jetson/ws/src/orb_slam_2_ros/ros/src/Node.cc:371:3:[m[K [01;31m[Kerror: [m[Kexpected ‘[01m[K;[m[K’ before ‘[01m[Kif[m[K’
   [01;31m[Kif[m[K (!got_cam_calibration) {
   [01;31m[K^~[m[K
make[2]: *** [CMakeFiles/orb_slam2_ros_stereo.dir/ros/src/Node.cc.o] Error 1
make[2]: *** [CMakeFiles/orb_slam2_ros_mono.dir/ros/src/Node.cc.o] Error 1
make[2]: *** [CMakeFiles/orb_slam2_ros_rgbd.dir/ros/src/Node.cc.o] Error 1
make[1]: *** [CMakeFiles/orb_slam2_ros_stereo.dir/all] Error 2
make[1]: *** Waiting for unfinished jobs....
make[1]: *** [CMakeFiles/orb_slam2_ros_rgbd.dir/all] Error 2
make[1]: *** [CMakeFiles/orb_slam2_ros_mono.dir/all] Error 2
make: *** [all] Error 2
