[36m--[0m Using CATKIN_DEVEL_PREFIX: /home/ros/Documents/Masters_Jetson/ws/devel/.private/orb_slam2_ros
[36m--[0m Using CMAKE_PREFIX_PATH: /home/ros/Documents/Masters_Jetson/ws/devel;/opt/ros/melodic
[36m--[0m This workspace overlays: /home/ros/Documents/Masters_Jetson/ws/devel;/opt/ros/melodic
[36m--[0m Found PythonInterp: /usr/bin/python2 (found suitable version "2.7.17", minimum required is "2")
[36m--[0m Using PYTHON_EXECUTABLE: /usr/bin/python2
[36m--[0m Using Debian Python package layout
[36m--[0m Using empy: /usr/bin/empy
[36m--[0m Using CATKIN_ENABLE_TESTING: ON
[36m--[0m Call enable_testing()
[36m--[0m Using CATKIN_TEST_RESULTS_DIR: /home/ros/Documents/Masters_Jetson/ws/build/orb_slam2_ros/test_results
[36m--[0m Found gtest sources under '/usr/src/googletest': gtests will be built
[36m--[0m Found gmock sources under '/usr/src/googletest': gmock will be built
[36m--[0m Found PythonInterp: /usr/bin/python2 (found version "2.7.17")
[36m--[0m Using Python nosetests: /usr/bin/nosetests-2.7
[36m--[0m catkin 0.7.29
[36m--[0m BUILD_SHARED_LIBS is on
[36m--[0m Using these message generators: gencpp;geneus;genlisp;gennodejs;genpy
[36m--[0m Chmod a+x the dynamic_reconfigure file
[36m--[0m orb_slam2_ros: 0 messages, 1 services
[36m--[0m Found OpenMP_C: -fopenmp
[36m--[0m Found OpenMP_CXX: -fopenmp
[36m--[0m Found OpenMP: TRUE
[36m--[0m Compile With map save/load function
[31m[1mCMake Error[0m at /opt/ros/melodic/share/catkin/cmake/custom_install.cmake:13 (_install):
  _install TARGETS given target "orb_slam2_ros_mono" which does not exist in
  this directory.
[36mCall Stack (most recent call first):[0m
  CMakeLists.txt:142 (install)


[36m--[0m Configuring incomplete, errors occurred!
See also "/home/ros/Documents/Masters_Jetson/ws/build/orb_slam2_ros/CMakeFiles/CMakeOutput.log".
See also "/home/ros/Documents/Masters_Jetson/ws/build/orb_slam2_ros/CMakeFiles/CMakeError.log".
Makefile:2986: recipe for target 'cmake_check_build_system' failed
make: *** [cmake_check_build_system] Error 1
